[074月2026 16:52:08.865] [main/INFO] [cpw.mods.modlauncher.Launcher/MODLAUNCHER]: ModLauncher running: args [--launchTarget, forgeclientdev, --version, 21.1.222, --assetIndex, asset-index, --assetsDir, C:\Users\js\.gradle\caches\minecraft\assets, --gameDir, ., --fml.fmlVersion, 4.0.42, --fml.mcVersion, 1.21.1, --fml.neoForgeVersion, 21.1.222, --fml.neoFormVersion, 20240808.144430]
[074月2026 16:52:08.867] [main/INFO] [cpw.mods.modlauncher.Launcher/MODLAUNCHER]: JVM identified as Oracle Corporation Java HotSpot(TM) 64-Bit Server VM 21.0.9+7-LTS-338
[074月2026 16:52:08.868] [main/INFO] [cpw.mods.modlauncher.Launcher/MODLAUNCHER]: ModLauncher 11.0.5+main.901c6ea8 starting: java version 21.0.9 by Oracle Corporation; OS Windows 11 arch amd64 version 10.0
[074月2026 16:52:08.988] [main/INFO] [net.neoforged.fml.loading.ImmediateWindowHandler/]: Loading ImmediateWindowProvider fmlearlywindow
[074月2026 16:52:09.130] [main/INFO] [EARLYDISPLAY/]: Trying GL version 4.6
[074月2026 16:52:09.443] [main/INFO] [EARLYDISPLAY/]: Requested GL version 4.6 got version 4.6
[074月2026 16:52:09.528] [main/INFO] [mixin/]: SpongePowered MIXIN Subsystem Version=0.8.7 Source=union:/C:/Users/js/.gradle/caches/modules-2/files-2.1/net.fabricmc/sponge-mixin/0.15.2+mixin.0.8.7/2af2f021d8e02a0220dc27a7a72b4666d66d44ca/sponge-mixin-0.15.2+mixin.0.8.7.jar%23142!/ Service=ModLauncher Env=CLIENT
[074月2026 16:52:09.680] [main/INFO] [net.neoforged.fml.loading.moddiscovery.ModDiscoverer/SCAN]: Found mod file "neoforge-21.1.222.jar" [locator: neoforge devenv provider ([C:\Users\js\Documents\mod_project\DaoMod\.gradle\repositories\ng_dummy_ng\net\neoforged\neoforge\21.1.222\neoforge-21.1.222.jar])]
[074月2026 16:52:09.712] [main/INFO] [net.neoforged.fml.loading.moddiscovery.ModDiscoverer/SCAN]: Found mod file "neoforge-21.1.222.jar" [locator: neoforge devenv provider ([C:\Users\js\Documents\mod_project\DaoMod\.gradle\repositories\ng_dummy_ng\net\neoforged\neoforge\21.1.222\neoforge-21.1.222.jar])]
[074月2026 16:52:09.726] [main/INFO] [net.neoforged.fml.loading.moddiscovery.ModDiscoverer/SCAN]: Found mod file "main" [locator: userdev mods and services, reader: mod manifest]
[074月2026 16:52:09.735] [main/INFO] [net.neoforged.fml.loading.moddiscovery.ModDiscoverer/SCAN]: Found mod file "neoforge-21.1.222.jar" [locator: userdev mods and services, reader: mod manifest]
[074月2026 16:52:09.750] [pool-2-thread-1/INFO] [EARLYDISPLAY/]: GL info: NVIDIA GeForce RTX 5070 Ti/PCIe/SSE2 GL version 4.6.0 NVIDIA 595.71, NVIDIA Corporation
[074月2026 16:52:09.830] [main/INFO] [net.neoforged.fml.loading.moddiscovery.ModDiscoverer/SCAN]: Found gamelibrary file "mixinextras-neoforge-0.5.3.jar" [locator: userdev mods and services, reader: mod manifest]
[074月2026 16:52:10.050] [main/WARN] [net.neoforged.jarjar.selection.JarSelector/]: Attempted to select a dependency jar for JarJar which was passed in as source: library:mixinextras.neoforge. Using Mod File: C:\Users\js\.gradle\caches\modules-2\files-2.1\io.github.llamalad7\mixinextras-neoforge\0.5.3\a0919957808de97707c5fb4ce073e66aeef3e187\mixinextras-neoforge-0.5.3.jar
[074月2026 16:52:10.051] [main/INFO] [net.neoforged.fml.loading.moddiscovery.locators.JarInJarDependencyLocator/]: Found 1 dependencies adding them to mods collection
[074月2026 16:52:10.051] [main/INFO] [net.neoforged.fml.loading.moddiscovery.ModDiscoverer/SCAN]: Found library file "net.neoforged.neoforge-coremods-21.1.222.jar" [parent: neoforge-21.1.222.jar, locator: jarinjar, reader: mod manifest]
[074月2026 16:52:10.085] [main/INFO] [net.neoforged.fml.loading.moddiscovery.ModDiscoverer/]: 
     Mod List:
		Name Version (Mod Id)

		Ab's Dao Mod 1.0.0 (abyssredemptiondaomod)
		Minecraft 1.21.1 (minecraft)
		NeoForge 21.1.222 (neoforge)
[074月2026 16:52:11.261] [main/INFO] [mixin/]: Compatibility level set to JAVA_21
[074月2026 16:52:11.265] [main/INFO] [cpw.mods.modlauncher.LaunchServiceHandler/MODLAUNCHER]: Launching target 'forgeclientdev' with arguments [--version, 21.1.222, --gameDir, ., --assetsDir, C:\Users\js\.gradle\caches\minecraft\assets, --assetIndex, asset-index]
[074月2026 16:52:14.981] [Datafixer Bootstrap/INFO] [com.mojang.datafixers.DataFixerBuilder/]: 229 Datafixer optimizations took 651 milliseconds
[074月2026 16:52:15.234] [pool-7-thread-1/INFO] [MixinExtras|Service/]: Initializing MixinExtras via com.llamalad7.mixinextras.service.MixinExtrasServiceImpl(version=0.5.3).
[074月2026 16:52:22.562] [main/WARN] [net.minecraft.commands.Commands/]: Ambiguity between arguments [teleport, location] and [teleport, destination] with inputs: [0.1 -0.5 .9, 0 0 0]
[074月2026 16:52:22.564] [main/WARN] [net.minecraft.commands.Commands/]: Ambiguity between arguments [teleport, location] and [teleport, targets] with inputs: [0.1 -0.5 .9, 0 0 0]
[074月2026 16:52:22.565] [main/WARN] [net.minecraft.commands.Commands/]: Ambiguity between arguments [teleport, destination] and [teleport, targets] with inputs: [Player, 0123, @e, dd12be42-52a9-4a91-a8a1-11c01849e498]
[074月2026 16:52:22.567] [main/WARN] [net.minecraft.commands.Commands/]: Ambiguity between arguments [teleport, targets] and [teleport, destination] with inputs: [Player, 0123, dd12be42-52a9-4a91-a8a1-11c01849e498]
[074月2026 16:52:22.568] [main/WARN] [net.minecraft.commands.Commands/]: Ambiguity between arguments [teleport, targets, location] and [teleport, targets, destination] with inputs: [0.1 -0.5 .9, 0 0 0]
[074月2026 16:52:22.670] [Render thread/WARN] [net.minecraft.server.packs.VanillaPackResourcesBuilder/]: Assets URL 'union:/C:/Users/js/Documents/mod_project/DaoMod/.gradle/repositories/ng_dummy_ng/net/neoforged/neoforge/21.1.222/neoforge-21.1.222.jar%23195!/assets/.mcassetsroot' uses unexpected schema
[074月2026 16:52:22.670] [Render thread/WARN] [net.minecraft.server.packs.VanillaPackResourcesBuilder/]: Assets URL 'union:/C:/Users/js/Documents/mod_project/DaoMod/.gradle/repositories/ng_dummy_ng/net/neoforged/neoforge/21.1.222/neoforge-21.1.222.jar%23195!/data/.mcassetsroot' uses unexpected schema
[074月2026 16:52:22.714] [Render thread/INFO] [com.mojang.authlib.yggdrasil.YggdrasilAuthenticationService/]: Environment: Environment[sessionHost=https://sessionserver.mojang.com, servicesHost=https://api.minecraftservices.com, name=PROD]
[074月2026 16:52:22.718] [Render thread/INFO] [net.minecraft.client.Minecraft/]: Setting user: Dev
[074月2026 16:52:22.854] [Render thread/INFO] [net.minecraft.client.Minecraft/]: Backend library: LWJGL version 3.3.3+5
[074月2026 16:52:23.129] [modloading-worker-0/INFO] [net.neoforged.neoforge.common.NeoForgeMod/NEOFORGE-MOD]: NeoForge mod loading, version 21.1.222, for MC 1.21.1
[074月2026 16:52:23.782] [Render thread/INFO] [net.neoforged.neoforge.gametest.GameTestHooks/]: Enabled Gametest Namespaces: [abyssredemptiondaomod]
[074月2026 16:52:23.876] [Render thread/INFO] [net.minecraft.server.packs.resources.ReloadableResourceManager/]: Reloading ResourceManager: vanilla, mod_resources, mod/neoforge, mod/abyssredemptiondaomod
[074月2026 16:52:24.249] [Worker-Main-10/INFO] [net.minecraft.client.gui.font.providers.UnihexProvider/]: Found unifont_all_no_pua-15.1.05.hex, loading
[074月2026 16:52:24.317] [Worker-Main-14/INFO] [net.minecraft.client.gui.font.providers.UnihexProvider/]: Found unifont_jp_patch-15.1.05.hex, loading
[074月2026 16:52:26.851] [Render thread/WARN] [net.minecraft.client.sounds.SoundEngine/]: Missing sound for event: minecraft:item.goat_horn.play
[074月2026 16:52:26.851] [Render thread/WARN] [net.minecraft.client.sounds.SoundEngine/]: Missing sound for event: minecraft:entity.goat.screaming.horn_break
[074月2026 16:52:27.008] [Render thread/INFO] [com.mojang.blaze3d.audio.Library/]: OpenAL initialized on device OpenAL Soft on Realtek HD Audio 2nd output (Realtek(R) Audio)
[074月2026 16:52:27.009] [Render thread/INFO] [net.minecraft.client.sounds.SoundEngine/SOUNDS]: Sound engine started
[074月2026 16:52:27.091] [Render thread/INFO] [net.minecraft.client.renderer.texture.TextureAtlas/]: Created: 1024x512x4 minecraft:textures/atlas/blocks.png-atlas
[074月2026 16:52:27.102] [Render thread/INFO] [net.minecraft.client.renderer.texture.TextureAtlas/]: Created: 256x256x4 minecraft:textures/atlas/signs.png-atlas
[074月2026 16:52:27.103] [Render thread/INFO] [net.minecraft.client.renderer.texture.TextureAtlas/]: Created: 512x512x4 minecraft:textures/atlas/shield_patterns.png-atlas
[074月2026 16:52:27.103] [Render thread/INFO] [net.minecraft.client.renderer.texture.TextureAtlas/]: Created: 512x512x4 minecraft:textures/atlas/banner_patterns.png-atlas
[074月2026 16:52:27.103] [Render thread/INFO] [net.minecraft.client.renderer.texture.TextureAtlas/]: Created: 1024x1024x4 minecraft:textures/atlas/armor_trims.png-atlas
[074月2026 16:52:27.105] [Render thread/INFO] [net.minecraft.client.renderer.texture.TextureAtlas/]: Created: 128x64x4 minecraft:textures/atlas/decorated_pot.png-atlas
[074月2026 16:52:27.105] [Render thread/INFO] [net.minecraft.client.renderer.texture.TextureAtlas/]: Created: 256x256x4 minecraft:textures/atlas/chest.png-atlas
[074月2026 16:52:27.105] [Render thread/INFO] [net.minecraft.client.renderer.texture.TextureAtlas/]: Created: 512x256x4 minecraft:textures/atlas/shulker_boxes.png-atlas
[074月2026 16:52:27.105] [Render thread/INFO] [net.minecraft.client.renderer.texture.TextureAtlas/]: Created: 512x256x4 minecraft:textures/atlas/beds.png-atlas
[074月2026 16:52:27.399] [Render thread/INFO] [net.minecraft.client.renderer.texture.TextureAtlas/]: Created: 512x256x0 minecraft:textures/atlas/particles.png-atlas
[074月2026 16:52:27.400] [Render thread/INFO] [net.minecraft.client.renderer.texture.TextureAtlas/]: Created: 512x256x0 minecraft:textures/atlas/paintings.png-atlas
[074月2026 16:52:27.400] [Render thread/INFO] [net.minecraft.client.renderer.texture.TextureAtlas/]: Created: 256x128x0 minecraft:textures/atlas/mob_effects.png-atlas
[074月2026 16:52:27.401] [Render thread/INFO] [net.minecraft.client.renderer.texture.TextureAtlas/]: Created: 64x64x0 minecraft:textures/atlas/map_decorations.png-atlas
[074月2026 16:52:27.401] [Render thread/INFO] [net.minecraft.client.renderer.texture.TextureAtlas/]: Created: 1024x512x0 minecraft:textures/atlas/gui.png-atlas
[074月2026 16:52:27.418] [Render thread/WARN] [net.minecraft.client.renderer.ShaderInstance/]: Shader rendertype_entity_translucent_emissive could not find sampler named Sampler2 in the specified shader program.
[074月2026 16:52:27.463] [Render thread/INFO] [net.neoforged.neoforge.client.entity.animation.json.AnimationLoader/]: Loaded 0 entity animations
[074月2026 16:52:36.886] [Render thread/INFO] [net.minecraft.world.item.crafting.RecipeManager/]: Loaded 1290 recipes
[074月2026 16:52:37.210] [Render thread/INFO] [net.minecraft.advancements.AdvancementTree/]: Loaded 1399 advancements
[074月2026 16:52:37.502] [Server thread/INFO] [net.minecraft.client.server.IntegratedServer/]: Starting integrated minecraft server version 1.21.1
[074月2026 16:52:37.502] [Server thread/INFO] [net.minecraft.server.MinecraftServer/]: Generating keypair
[074月2026 16:52:37.736] [Server thread/INFO] [net.minecraft.server.MinecraftServer/]: Preparing start region for dimension minecraft:overworld
[074月2026 16:52:37.937] [progressListener/INFO] [net.minecraft.server.level.progress.LoggerChunkProgressListener/]: 准备生成区域中：0%
[074月2026 16:52:38.026] [Server thread/INFO] [net.neoforged.neoforge.server.permission.PermissionAPI/]: Successfully initialized permission handler neoforge:default_handler
[074月2026 16:52:38.033] [progressListener/INFO] [net.minecraft.server.level.progress.LoggerChunkProgressListener/]: Time elapsed: 294 ms
[074月2026 16:52:38.081] [Server thread/INFO] [net.minecraft.client.server.IntegratedServer/]: Changing view distance to 12, from 10
[074月2026 16:52:38.082] [Server thread/INFO] [net.minecraft.client.server.IntegratedServer/]: Changing simulation distance to 12, from 0
[074月2026 16:52:38.738] [Server thread/INFO] [net.minecraft.server.players.PlayerList/]: Dev[local:E:aa76dd78] logged in with entity id 9 at (-14.380322756361274, -60.0, 29.370291606842166)
[074月2026 16:52:38.775] [Server thread/INFO] [net.minecraft.server.MinecraftServer/]: Dev加入了游戏
[074月2026 16:52:39.194] [Render thread/INFO] [net.minecraft.advancements.AdvancementTree/]: Loaded 2 advancements
[074月2026 16:53:01.788] [Render thread/INFO] [net.minecraft.client.Minecraft/]: Stopping!
[074月2026 16:53:01.830] [Server thread/INFO] [net.minecraft.server.network.ServerGamePacketListenerImpl/]: Dev lost connection: 连接中断
[074月2026 16:53:01.831] [Server thread/INFO] [net.minecraft.server.MinecraftServer/]: Dev退出了游戏
[074月2026 16:53:01.845] [Server thread/INFO] [net.minecraft.server.network.ServerCommonPacketListenerImpl/]: Stopping singleplayer server as player logged out
[074月2026 16:53:01.885] [Server thread/INFO] [net.minecraft.server.MinecraftServer/]: Stopping server
[074月2026 16:53:01.885] [Server thread/INFO] [net.minecraft.server.MinecraftServer/]: Saving players
[074月2026 16:53:01.885] [Server thread/INFO] [net.minecraft.server.MinecraftServer/]: Saving worlds
[074月2026 16:53:02.517] [Server thread/INFO] [net.minecraft.server.MinecraftServer/]: Saving chunks for level 'ServerLevel[test world]'/minecraft:overworld
[074月2026 16:53:02.565] [Server thread/INFO] [net.minecraft.server.MinecraftServer/]: Saving chunks for level 'ServerLevel[test world]'/minecraft:the_end
[074月2026 16:53:02.574] [Server thread/INFO] [net.minecraft.server.MinecraftServer/]: Saving chunks for level 'ServerLevel[test world]'/minecraft:the_nether
[074月2026 16:53:02.593] [Server thread/INFO] [net.minecraft.server.MinecraftServer/]: ThreadedAnvilChunkStorage (test world): All chunks are saved
[074月2026 16:53:02.593] [Server thread/INFO] [net.minecraft.server.MinecraftServer/]: ThreadedAnvilChunkStorage (DIM1): All chunks are saved
[074月2026 16:53:02.593] [Server thread/INFO] [net.minecraft.server.MinecraftServer/]: ThreadedAnvilChunkStorage (DIM-1): All chunks are saved
[074月2026 16:53:02.593] [Server thread/INFO] [net.minecraft.server.MinecraftServer/]: ThreadedAnvilChunkStorage: All dimensions are saved
